03-22 18:49:04.381 30801 30801 E AndroidRuntime: Process: com.android.todolist, PID: 30801
03-22 18:49:04.381 30801 30801 E AndroidRuntime: 	at com.android.todolist.MainActivity.ordenarAZ(MainActivity.kt:197)
03-22 18:49:04.381 30801 30801 E AndroidRuntime: 	at com.android.todolist.MainActivity.onNavigationItemSelected(MainActivity.kt:86)
03-22 18:49:12.306 11948 11948 E AndroidRuntime: Process: com.android.todolist, PID: 11948
03-22 18:49:12.306 11948 11948 E AndroidRuntime: 	at com.android.todolist.MainActivity.ordenarAZ(MainActivity.kt:197)
03-22 18:49:12.306 11948 11948 E AndroidRuntime: 	at com.android.todolist.MainActivity.onNavigationItemSelected(MainActivity.kt:86)
03-22 18:49:27.519 11950 11950 E AndroidRuntime: Process: com.android.todolist, PID: 11950
03-22 18:49:27.519 11950 11950 E AndroidRuntime: 	at com.android.todolist.MainActivity.ordenarAZ(MainActivity.kt:197)
03-22 18:49:27.519 11950 11950 E AndroidRuntime: 	at com.android.todolist.MainActivity.onNavigationItemSelected(MainActivity.kt:86)
03-29 16:01:50.479 18889 18889 I 100     : Open /data/app/~~dE4CnpQ9QdNv-dhxDgUHhQ==/com.android.todolist-2r8cWnStxGT1gTn63H6N5A==/base.apk took:89ms
03-29 16:01:51.041  1272  1792 I 322     : com.android.todolist#151#841
03-29 16:41:50.979  4242  5734 D RecentTasksList: dumpTasks# id=2946, cmp=ComponentInfo{com.android.todolist/com.android.todolist.MainActivity}, uid=0, locked=false, isAppLocked=false; id=2945, cmp=ComponentInfo{com.google.android.documentsui/com.android.documentsui.files.FilesActivity}, uid=0, locked=false, isAppLocked=false; id=2947, cmp=ComponentInfo{com.oneplus.gallery/com.oneplus.gallery.OPGalleryActivity}, uid=0, locked=false, isAppLocked=false; id=2952, cmp=ComponentInfo{com.android.settings/com.android.settings.Settings$DevelopmentSettingsDashboardActivity}, uid=0, locked=false, isAppLocked=false;
03-29 16:41:51.005  4242 31914 D RecentTasksList: dumpTasks# id=2946, cmp=ComponentInfo{com.android.todolist/com.android.todolist.MainActivity}, uid=0, locked=false, isAppLocked=false; id=2945, cmp=ComponentInfo{com.google.android.documentsui/com.android.documentsui.files.FilesActivity}, uid=0, locked=false, isAppLocked=false; id=2947, cmp=ComponentInfo{com.oneplus.gallery/com.oneplus.gallery.OPGalleryActivity}, uid=0, locked=false, isAppLocked=false; id=2952, cmp=ComponentInfo{com.android.settings/com.android.settings.Settings$DevelopmentSettingsDashboardActivity}, uid=0, locked=false, isAppLocked=false;
03-29 16:41:51.499  4242  5734 D RecentTasksList: dumpTasks# id=2946, cmp=ComponentInfo{com.android.todolist/com.android.todolist.MainActivity}, uid=0, locked=false, isAppLocked=false; id=2945, cmp=ComponentInfo{com.google.android.documentsui/com.android.documentsui.files.FilesActivity}, uid=0, locked=false, isAppLocked=false; id=2947, cmp=ComponentInfo{com.oneplus.gallery/com.oneplus.gallery.OPGalleryActivity}, uid=0, locked=false, isAppLocked=false; id=2952, cmp=ComponentInfo{com.android.settings/com.android.settings.Settings$DevelopmentSettingsDashboardActivity}, uid=0, locked=false, isAppLocked=false;
03-29 16:41:51.889  4242 31914 D RecentTasksList: dumpTasks# id=2946, cmp=ComponentInfo{com.android.todolist/com.android.todolist.MainActivity}, uid=0, locked=false, isAppLocked=false; id=2945, cmp=ComponentInfo{com.google.android.documentsui/com.android.documentsui.files.FilesActivity}, uid=0, locked=false, isAppLocked=false; id=2947, cmp=ComponentInfo{com.oneplus.gallery/com.oneplus.gallery.OPGalleryActivity}, uid=0, locked=false, isAppLocked=false;
03-29 16:42:00.645  4242 31914 D RecentTasksList: dumpTasks# id=2946, cmp=ComponentInfo{com.android.todolist/com.android.todolist.MainActivity}, uid=0, locked=false, isAppLocked=false; id=2945, cmp=ComponentInfo{com.google.android.documentsui/com.android.documentsui.files.FilesActivity}, uid=0, locked=false, isAppLocked=false; id=2947, cmp=ComponentInfo{com.oneplus.gallery/com.oneplus.gallery.OPGalleryActivity}, uid=0, locked=false, isAppLocked=false; id=2953, cmp=ComponentInfo{com.android.settings/com.android.settings.Settings$UsbDetailsActivity}, uid=0, locked=false, isAppLocked=false;
03-29 16:42:00.649  4242  5734 D RecentTasksList: dumpTasks# id=2946, cmp=ComponentInfo{com.android.todolist/com.android.todolist.MainActivity}, uid=0, locked=false, isAppLocked=false; id=2945, cmp=ComponentInfo{com.google.android.documentsui/com.android.documentsui.files.FilesActivity}, uid=0, locked=false, isAppLocked=false; id=2947, cmp=ComponentInfo{com.oneplus.gallery/com.oneplus.gallery.OPGalleryActivity}, uid=0, locked=false, isAppLocked=false; id=2953, cmp=ComponentInfo{com.android.settings/com.android.settings.Settings$UsbDetailsActivity}, uid=0, locked=false, isAppLocked=false;
03-29 16:42:30.082  4242 31914 D RecentTasksList: dumpTasks# id=2946, cmp=ComponentInfo{com.android.todolist/com.android.todolist.MainActivity}, uid=0, locked=false, isAppLocked=false; id=2945, cmp=ComponentInfo{com.google.android.documentsui/com.android.documentsui.files.FilesActivity}, uid=0, locked=false, isAppLocked=false; id=2947, cmp=ComponentInfo{com.oneplus.gallery/com.oneplus.gallery.OPGalleryActivity}, uid=0, locked=false, isAppLocked=false;
03-29 16:42:30.380  1272  5358 I ActivityTaskManager: START u0 {act=android.intent.action.MAIN cat=[android.intent.category.LAUNCHER] flg=0x10200000 cmp=com.android.todolist/.MainActivity bnds=[843,1538][1045,1891]} from uid 10139 pid 4242
03-29 16:42:30.399  1272  5358 D OpQuickReply: setQuickReplyResumed focusedApp ActivityRecord{9e0a12b u0 com.android.todolist/.MainActivity t2946} pkgName com.android.todolist
03-29 16:42:30.408  4242  4242 D BaseDraggingActivity: startActivity bookkeeping intent = Intent { act=android.intent.action.MAIN cat=[android.intent.category.LAUNCHER] flg=0x10200000 cmp=com.android.todolist/.MainActivity bnds=[843,1538][1045,1891] }
03-29 16:42:30.408  4242  4242 D Stats   : Intent.getPackage() is null. therefore try to get package name from componentName.getPackageName(): com.android.todolist
03-29 16:42:30.409  4242  4242 D Stats   : Intent.getPackage() is null. therefore try to get package name from componentName.getPackageName(): com.android.todolist
03-29 16:42:30.433  1272  3118 D OPBF    : setCGroupState():tofreeze=false, uid:10432 pkg:com.android.todolist --->>> ok reason:setVisible
03-29 16:42:30.436  1272  5904 D OpColorDisplayService: frontPackageChanged: com.android.todolist
03-29 16:42:30.437  1272  5904 D OpProximityController: noteFrontPackageChanged pkg:com.android.todolist uid:10432 lpkg:net.oneplus.launcher luid:10139
03-29 16:42:30.437  1272  5904 D OpQuickReply: setQuickReplyResumed focusedApp ActivityRecord{9e0a12b u0 com.android.todolist/.MainActivity t2946} pkgName com.android.todolist
03-29 16:42:30.442  4242  4242 D Stats   : SaveStats onPreExecute onStatsChanged:ComponentInfo{com.android.todolist/com.android.todolist.MainActivity}
03-29 16:42:30.447  1272  1592 E ActivityTaskManager: createRemoteAnimationTarget Task{b71ab87 #2946 visible=true type=standard mode=fullscreen translucent=false A=10432:com.android.todolist U=0 StackId=2946 sz=1} top most activity ActivityRecord{9e0a12b u0 com.android.todolist/.MainActivity t2946}
03-29 16:42:30.457  1272  1591 D OpRestartProcessManager: updateSelf :  com.android.todolist, size : 30
03-29 16:42:30.540 23507 23507 I PhoneStatusBarView: isFullAndNotchEnabled() isFullMode=false pkg=com.android.todolist isCameraNotchIgnoreSetting=false, uid=10432
03-29 16:42:30.552  4242  5734 D RecentTasksList: dumpTasks# id=2945, cmp=ComponentInfo{com.google.android.documentsui/com.android.documentsui.files.FilesActivity}, uid=0, locked=false, isAppLocked=false; id=2947, cmp=ComponentInfo{com.oneplus.gallery/com.oneplus.gallery.OPGalleryActivity}, uid=0, locked=false, isAppLocked=false; id=2946, cmp=ComponentInfo{com.android.todolist/com.android.todolist.MainActivity}, uid=0, locked=false, isAppLocked=false;
03-29 16:42:30.553 13789 13789 I GoogleInputMethodService: GoogleInputMethodService.onStartInput():1907 onStartInput(EditorInfo{inputType=0x0(NULL) imeOptions=0x0 privateImeOptions=null actionName=UNSPECIFIED actionLabel=null actionId=0 in